2023/08/24 10:17:20 [notice] 1#1: using the "epoll" event method
2023/08/24 10:17:20 [notice] 1#1: nginx/1.25.2
2023/08/24 10:17:20 [notice] 1#1: built by gcc 12.2.0 (Debian 12.2.0-14) 
2023/08/24 10:17:20 [notice] 1#1: OS: Linux 6.2.0-26-generic
2023/08/24 10:17:20 [notice] 1#1: getrlimit(RLIMIT_NOFILE): 1048576:1048576
2023/08/24 10:17:20 [notice] 1#1: start worker processes
2023/08/24 10:17:20 [notice] 1#1: start worker process 23
2023/08/24 10:17:20 [notice] 1#1: start worker process 24
2023/08/24 10:17:20 [notice] 1#1: start worker process 25
2023/08/24 10:17:20 [notice] 1#1: start worker process 26
2023/08/24 10:17:49 [notice] 1#1: signal 3 (SIGQUIT) received, shutting down
2023/08/24 10:17:49 [notice] 23#23: gracefully shutting down
2023/08/24 10:17:49 [notice] 24#24: gracefully shutting down
2023/08/24 10:17:49 [notice] 25#25: gracefully shutting down
2023/08/24 10:17:49 [notice] 23#23: exiting
2023/08/24 10:17:49 [notice] 24#24: exiting
2023/08/24 10:17:49 [notice] 25#25: exiting
2023/08/24 10:17:49 [notice] 24#24: exit
2023/08/24 10:17:49 [notice] 23#23: exit
2023/08/24 10:17:49 [notice] 25#25: exit
2023/08/24 10:17:49 [notice] 26#26: gracefully shutting down
2023/08/24 10:17:49 [notice] 26#26: exiting
2023/08/24 10:17:49 [notice] 26#26: exit
2023/08/24 10:17:49 [notice] 1#1: signal 17 (SIGCHLD) received from 23
2023/08/24 10:17:49 [notice] 1#1: worker process 23 exited with code 0
2023/08/24 10:17:49 [notice] 1#1: worker process 25 exited with code 0
2023/08/24 10:17:49 [notice] 1#1: signal 29 (SIGIO) received
2023/08/24 10:17:49 [notice] 1#1: signal 17 (SIGCHLD) received from 25
2023/08/24 10:17:49 [notice] 1#1: signal 17 (SIGCHLD) received from 26
2023/08/24 10:17:49 [notice] 1#1: worker process 26 exited with code 0
2023/08/24 10:17:49 [notice] 1#1: signal 29 (SIGIO) received
2023/08/24 10:17:49 [notice] 1#1: signal 17 (SIGCHLD) received from 24
2023/08/24 10:17:49 [notice] 1#1: worker process 24 exited with code 0
2023/08/24 10:17:49 [notice] 1#1: exit
2023/08/24 02:29:06 [notice] 1#1: using the "epoll" event method
2023/08/24 02:29:06 [notice] 1#1: nginx/1.25.2
2023/08/24 02:29:06 [notice] 1#1: built by gcc 12.2.0 (Debian 12.2.0-14) 
2023/08/24 02:29:06 [notice] 1#1: OS: Linux 6.2.0-26-generic
2023/08/24 02:29:06 [notice] 1#1: getrlimit(RLIMIT_NOFILE): 1048576:1048576
2023/08/24 02:29:06 [notice] 1#1: start worker processes
2023/08/24 02:29:06 [notice] 1#1: start worker process 35
2023/08/24 02:29:06 [notice] 1#1: start worker process 36
2023/08/24 02:29:06 [notice] 1#1: start worker process 37
2023/08/24 02:29:06 [notice] 1#1: start worker process 38
2023/08/24 02:29:34 [notice] 1#1: signal 3 (SIGQUIT) received, shutting down
2023/08/24 02:29:34 [notice] 35#35: gracefully shutting down
2023/08/24 02:29:34 [notice] 36#36: gracefully shutting down
2023/08/24 02:29:34 [notice] 35#35: exiting
2023/08/24 02:29:34 [notice] 37#37: gracefully shutting down
2023/08/24 02:29:34 [notice] 36#36: exiting
2023/08/24 02:29:34 [notice] 37#37: exiting
2023/08/24 02:29:34 [notice] 35#35: exit
2023/08/24 02:29:34 [notice] 37#37: exit
2023/08/24 02:29:34 [notice] 36#36: exit
2023/08/24 02:29:34 [notice] 38#38: gracefully shutting down
2023/08/24 02:29:34 [notice] 38#38: exiting
2023/08/24 02:29:34 [notice] 38#38: exit
2023/08/24 02:29:34 [notice] 1#1: signal 17 (SIGCHLD) received from 38
2023/08/24 02:29:34 [notice] 1#1: worker process 38 exited with code 0
2023/08/24 02:29:34 [notice] 1#1: signal 29 (SIGIO) received
2023/08/24 02:29:34 [notice] 1#1: signal 17 (SIGCHLD) received from 37
2023/08/24 02:29:34 [notice] 1#1: worker process 35 exited with code 0
2023/08/24 02:29:34 [notice] 1#1: worker process 37 exited with code 0
2023/08/24 02:29:34 [notice] 1#1: signal 29 (SIGIO) received
2023/08/24 02:29:34 [notice] 1#1: signal 17 (SIGCHLD) received from 36
2023/08/24 02:29:34 [notice] 1#1: worker process 36 exited with code 0
2023/08/24 02:29:34 [notice] 1#1: exit
2023/08/24 02:30:38 [notice] 1#1: using the "epoll" event method
2023/08/24 02:30:38 [notice] 1#1: nginx/1.25.2
2023/08/24 02:30:38 [notice] 1#1: built by gcc 12.2.0 (Debian 12.2.0-14) 
2023/08/24 02:30:38 [notice] 1#1: OS: Linux 6.2.0-26-generic
2023/08/24 02:30:38 [notice] 1#1: getrlimit(RLIMIT_NOFILE): 1048576:1048576
2023/08/24 02:30:38 [notice] 1#1: start worker processes
2023/08/24 02:30:38 [notice] 1#1: start worker process 35
2023/08/24 02:30:38 [notice] 1#1: start worker process 36
2023/08/24 02:30:38 [notice] 1#1: start worker process 37
2023/08/24 02:30:38 [notice] 1#1: start worker process 38
2023/08/24 02:31:00 [error] 38#38: *4 open() "/etc/nginx/htmlindex.html" failed (2: No such file or directory), client: 10.168.1.211, server: localhost, request: "GET /favicon.ico HTTP/1.1", host: "10.168.1.159:28090", referrer: "http://10.168.1.159:28090/"
2023/08/24 02:31:05 [notice] 1#1: signal 3 (SIGQUIT) received, shutting down
2023/08/24 02:31:05 [notice] 35#35: gracefully shutting down
2023/08/24 02:31:05 [notice] 37#37: gracefully shutting down
2023/08/24 02:31:05 [notice] 36#36: gracefully shutting down
2023/08/24 02:31:05 [notice] 35#35: exiting
2023/08/24 02:31:05 [notice] 36#36: exiting
2023/08/24 02:31:05 [notice] 38#38: gracefully shutting down
2023/08/24 02:31:05 [notice] 38#38: exiting
2023/08/24 02:31:05 [notice] 36#36: exit
2023/08/24 02:31:05 [notice] 35#35: exit
2023/08/24 02:31:05 [notice] 38#38: exit
2023/08/24 02:31:05 [notice] 1#1: signal 17 (SIGCHLD) received from 36
2023/08/24 02:31:05 [notice] 1#1: worker process 36 exited with code 0
2023/08/24 02:31:05 [notice] 1#1: worker process 38 exited with code 0
2023/08/24 02:31:05 [notice] 1#1: signal 29 (SIGIO) received
2023/08/24 02:31:05 [notice] 1#1: signal 17 (SIGCHLD) received from 38
2023/08/24 02:31:05 [notice] 1#1: signal 17 (SIGCHLD) received from 35
2023/08/24 02:31:05 [notice] 1#1: worker process 35 exited with code 0
2023/08/24 02:31:05 [notice] 1#1: signal 29 (SIGIO) received
2023/08/24 04:09:21 [notice] 1#1: using the "epoll" event method
2023/08/24 04:09:21 [notice] 1#1: nginx/1.25.2
2023/08/24 04:09:21 [notice] 1#1: built by gcc 12.2.0 (Debian 12.2.0-14) 
2023/08/24 04:09:21 [notice] 1#1: OS: Linux 6.2.0-26-generic
2023/08/24 04:09:21 [notice] 1#1: getrlimit(RLIMIT_NOFILE): 1048576:1048576
2023/08/24 04:09:21 [notice] 1#1: start worker processes
2023/08/24 04:09:21 [notice] 1#1: start worker process 35
2023/08/24 04:09:21 [notice] 1#1: start worker process 36
2023/08/24 04:09:21 [notice] 1#1: start worker process 37
2023/08/24 04:09:21 [notice] 1#1: start worker process 38
2023/08/24 04:10:50 [notice] 1#1: signal 3 (SIGQUIT) received, shutting down
2023/08/24 04:10:50 [notice] 35#35: gracefully shutting down
2023/08/24 04:10:50 [notice] 35#35: exiting
2023/08/24 04:10:50 [notice] 37#37: gracefully shutting down
2023/08/24 04:10:50 [notice] 38#38: gracefully shutting down
2023/08/24 04:10:50 [notice] 37#37: exiting
2023/08/24 04:10:50 [notice] 38#38: exiting
2023/08/24 04:10:50 [notice] 35#35: exit
2023/08/24 04:10:50 [notice] 38#38: exit
2023/08/24 04:10:50 [notice] 37#37: exit
2023/08/24 04:10:50 [notice] 36#36: gracefully shutting down
2023/08/24 04:10:50 [notice] 36#36: exiting
2023/08/24 04:10:50 [notice] 36#36: exit
2023/08/24 04:10:50 [notice] 1#1: signal 17 (SIGCHLD) received from 37
2023/08/24 04:10:50 [notice] 1#1: worker process 37 exited with code 0
2023/08/24 04:10:50 [notice] 1#1: signal 29 (SIGIO) received
2023/08/24 04:10:50 [notice] 1#1: signal 17 (SIGCHLD) received from 35
2023/08/24 04:10:50 [notice] 1#1: worker process 35 exited with code 0
2023/08/24 04:10:50 [notice] 1#1: worker process 38 exited with code 0
2023/08/24 04:10:50 [notice] 1#1: signal 29 (SIGIO) received
2023/08/24 04:10:50 [notice] 1#1: signal 17 (SIGCHLD) received from 38
2023/08/24 04:10:50 [notice] 1#1: signal 17 (SIGCHLD) received from 36
2023/08/24 04:10:50 [notice] 1#1: worker process 36 exited with code 0
2023/08/24 04:10:50 [notice] 1#1: exit
